#-----------------------------------------------------------
# Vivado v2018.2 (64-bit)
# SW Build 2258646 on Thu Jun 14 20:03:12 MDT 2018
# IP Build 2256618 on Thu Jun 14 22:10:49 MDT 2018
# Start of session at: Fri Mar 15 18:37:37 2019
# Process ID: 7596
# Current directory: D:/Documents HDD/School/Cmpe 125/Cmpe 125 Projects/4-bit_comb_mult
# Command line: vivado.exe -gui_launcher_event rodinguilauncherevent11208 D:\Documents HDD\School\Cmpe 125\Cmpe 125 Projects\4-bit_comb_mult\4-bit_comb_mult.xpr
# Log file: D:/Documents HDD/School/Cmpe 125/Cmpe 125 Projects/4-bit_comb_mult/vivado.log
# Journal file: D:/Documents HDD/School/Cmpe 125/Cmpe 125 Projects/4-bit_comb_mult\vivado.jou
#-----------------------------------------------------------
start_gui
open_project {D:/Documents HDD/School/Cmpe 125/Cmpe 125 Projects/4-bit_comb_mult/4-bit_comb_mult.xpr}
Scanning sources...
Finished scanning sources
INFO: [IP_Flow 19-234] Refreshing IP repositories
INFO: [IP_Flow 19-1704] No user IP repositories specified
INFO: [IP_Flow 19-2313] Loaded Vivado IP repository 'D:/Xilinx/Vivado/2018.2/data/ip'.
open_project: Time (s): cpu = 00:00:08 ; elapsed = 00:00:11 . Memory (MB): peak = 769.965 ; gain = 92.223
exit
INFO: [Common 17-206] Exiting Vivado at Fri Mar 15 18:38:31 2019...
