Vivado Simulator 2018.2
Time resolution is 1 ps
c: 0
c: 0
out:  0
out:  1
out:  Z
c: 0
c: 0
out:  0
out:  1
c: 0
out:  0
out:  0
out:  0
out:  2
out:  Z
c: 0
c: 0
out:  0
out:  2
c: 0
out:  0
out:  0
out:  0
out:  3
out:  Z
c: 0
c: 0
out:  0
out:  3
c: 0
out:  0
out:  0
out:  0
out:  4
out:  Z
c: 0
c: 0
out:  0
out:  4
c: 0
out:  0
out:  0
out:  0
out:  5
out:  Z
c: 0
c: 0
out:  0
out:  5
c: 0
out:  0
out:  0
out:  0
out:  6
out:  Z
c: 0
c: 0
out:  0
out:  6
c: 0
out:  0
out:  0
out:  0
out:  7
out:  Z
c: 0
c: 0
out:  0
out:  7
c: 0
out:  0
out:  0
out:  0
out:  8
out:  Z
c: 0
c: 0
out:  0
out:  8
c: 0
out:  0
out:  0
out:  0
out:  9
out:  Z
c: 0
c: 0
out:  0
out:  9
c: 0
out:  0
out:  0
out:  0
out: 10
out:  Z
c: 0
c: 0
out:  0
out: 10
c: 0
out:  0
out:  0
out:  0
out: 11
out:  Z
c: 0
c: 0
out:  0
out: 11
c: 0
out:  0
out:  0
out:  0
out: 12
out:  Z
c: 0
c: 0
out:  0
out: 12
c: 0
out:  0
out:  0
out:  0
out: 13
out:  Z
c: 0
c: 0
out:  0
out: 13
c: 0
out:  0
out:  0
out:  0
out: 14
out:  Z
c: 0
c: 0
out:  0
out: 14
c: 0
out:  0
out:  0
out:  0
out: 15
out:  Z
c: 0
c: 0
out:  0
out: 15
c: 0
out:  0
out:  0
out:  1
out:  0
out:  Z
c: 0
out:  0
out:  1
c: 0
out:  0
out:  0
out:  1
out:  1
out:  Z
c: 0
c: 0
out:  0
out:  2
c: 0
out:  0
out:  0
out:  1
out:  2
out:  Z
c: 0
c: 0
out:  0
out:  3
c: 0
out:  0
out:  0
out:  1
out:  3
out:  Z
c: 0
c: 0
out:  0
out:  4
c: 0
out:  0
out:  0
out:  1
out:  4
out:  Z
c: 0
c: 0
out:  0
out:  5
c: 0
out:  0
out:  0
out:  1
out:  5
out:  Z
c: 0
c: 0
out:  0
out:  6
c: 0
out:  0
out:  0
out:  1
out:  6
out:  Z
c: 0
c: 0
out:  0
out:  7
c: 0
out:  0
out:  0
out:  1
out:  7
out:  Z
c: 0
c: 0
out:  0
out:  8
c: 0
out:  0
out:  0
out:  1
out:  8
out:  Z
c: 0
c: 0
out:  0
out:  9
c: 0
out:  0
out:  0
out:  1
out:  9
out:  Z
c: 0
c: 0
out:  0
out: 10
c: 0
out:  0
out:  0
