#-----------------------------------------------------------
# Vivado v2018.2 (64-bit)
# SW Build 2258646 on Thu Jun 14 20:03:12 MDT 2018
# IP Build 2256618 on Thu Jun 14 22:10:49 MDT 2018
# Start of session at: Wed Feb 20 21:38:15 2019
# Process ID: 29008
# Current directory: D:/Documents HDD/School/Cmpe 125/Cmpe 125 Projects/4_bit_ALU
# Command line: vivado.exe -gui_launcher_event rodinguilauncherevent25672 D:\Documents HDD\School\Cmpe 125\Cmpe 125 Projects\4_bit_ALU\4_bit_ALU.xpr
# Log file: D:/Documents HDD/School/Cmpe 125/Cmpe 125 Projects/4_bit_ALU/vivado.log
# Journal file: D:/Documents HDD/School/Cmpe 125/Cmpe 125 Projects/4_bit_ALU\vivado.jou
#-----------------------------------------------------------
start_gui
open_project {D:/Documents HDD/School/Cmpe 125/Cmpe 125 Projects/4_bit_ALU/4_bit_ALU.xpr}
Scanning sources...
Finished scanning sources
INFO: [IP_Flow 19-234] Refreshing IP repositories
INFO: [IP_Flow 19-1704] No user IP repositories specified
INFO: [IP_Flow 19-2313] Loaded Vivado IP repository 'D:/Xilinx/Vivado/2018.2/data/ip'.
update_compile_order -fileset sources_1
exit
INFO: [Common 17-206] Exiting Vivado at Wed Feb 20 21:38:47 2019...
